<?xml version="1.0" encoding="UTF-8"?>
<!-- Generated by org.testng.reporters.JUnitReportReporter -->
<testsuite hostname="Ajinkya" failures="0" tests="1" name="testClasses.TestCreateNewAcct" time="16.694" errors="0" timestamp="2024-09-30T14:00:50 IST" skipped="0">
  <testcase classname="testClasses.TestCreateNewAcct" name="verifyNewAcctSignUp" time="16.694"/>
</testsuite> <!-- testClasses.TestCreateNewAcct -->
