<?xml version="1.0" encoding="UTF-8"?>
<!-- Generated by org.testng.reporters.JUnitReportReporter -->
<testsuite hostname="Ajinkya" failures="0" tests="1" name="testClasses.TestLoginPageAndLogOut" time="31.578" errors="0" timestamp="2024-09-30T13:37:24 IST" skipped="0">
  <testcase classname="testClasses.TestLoginPageAndLogOut" name="verifySignIn" time="31.578"/>
</testsuite> <!-- testClasses.TestLoginPageAndLogOut -->
