<?xml version="1.0" encoding="UTF-8"?>
<!-- Generated by org.testng.reporters.JUnitReportReporter -->
<testsuite hostname="Ajinkya" failures="0" tests="1" name="testClasses.TestSearchingFeature" time="101.692" errors="0" timestamp="2024-09-30T17:45:03 IST" skipped="0">
  <testcase classname="testClasses.TestSearchingFeature" name="verifySearchFunctionality" time="101.692"/>
</testsuite> <!-- testClasses.TestSearchingFeature -->
