<?xml version="1.0" encoding="UTF-8"?>
<!-- Generated by org.testng.reporters.JUnitReportReporter -->
<testsuite hostname="Ajinkya" failures="0" tests="1" name="testClasses.VerifyYourOrderPage" time="207.618" errors="0" timestamp="2024-10-14T17:57:41 IST" skipped="0">
  <testcase classname="testClasses.VerifyYourOrderPage" name="verifyYourOrderPage" time="207.618"/>
</testsuite> <!-- testClasses.VerifyYourOrderPage -->
